0 verbose cli /usr/local/bin/node /usr/local/bin/npm
1 info using npm@9.4.0
2 info using node@v19.6.1
3 timing npm:load:whichnode Completed in 3ms
4 timing config:load:defaults Completed in 1ms
5 timing config:load:file:/usr/local/lib/node_modules/npm/npmrc Completed in 1ms
6 timing config:load:builtin Completed in 1ms
7 timing config:load:cli Completed in 2ms
8 timing config:load:env Completed in 0ms
9 timing config:load:file:/usr/src/app/.npmrc Completed in 0ms
10 timing config:load:project Completed in 1ms
11 timing config:load:file:/root/.npmrc Completed in 3ms
12 timing config:load:user Completed in 4ms
13 timing config:load:file:/usr/local/etc/npmrc Completed in 0ms
14 timing config:load:global Completed in 0ms
15 timing config:load:setEnvs Completed in 1ms
16 timing config:load Completed in 10ms
17 timing npm:load:configload Completed in 10ms
18 timing npm:load:mkdirpcache Completed in 0ms
19 timing npm:load:mkdirplogs Completed in 0ms
20 verbose title npm run dev
21 verbose argv "run" "dev"
22 timing npm:load:setTitle Completed in 1ms
23 timing config:load:flatten Completed in 3ms
24 timing npm:load:display Completed in 3ms
25 verbose logfile logs-max:10 dir:/usr/src/app/.npm/_logs/2024-09-17T20_32_23_682Z-
26 verbose logfile /usr/src/app/.npm/_logs/2024-09-17T20_32_23_682Z-debug-0.log
27 timing npm:load:logFile Completed in 4ms
28 timing npm:load:timers Completed in 0ms
29 timing npm:load:configScope Completed in 0ms
30 timing npm:load Completed in 21ms
31 silly logfile done cleaning log files
32 timing command:run Completed in 908726ms
33 verbose stack Error: command failed
33 verbose stack     at ChildProcess.<anonymous> (/usr/local/lib/node_modules/npm/node_modules/@npmcli/promise-spawn/lib/index.js:53:27)
33 verbose stack     at ChildProcess.emit (node:events:512:28)
33 verbose stack     at maybeClose (node:internal/child_process:1098:16)
33 verbose stack     at ChildProcess._handle.onexit (node:internal/child_process:304:5)
34 verbose pkgid jonang@1.0.0
35 verbose cwd /usr/src/app
36 verbose Linux 5.15.153.1-microsoft-standard-WSL2
37 verbose node v19.6.1
38 verbose npm  v9.4.0
39 error path /usr/src/app
40 error command failed
41 error signal SIGTERM
42 error command sh -c cross-env PAYLOAD_CONFIG_PATH=src/payload.config.ts nodemon
43 verbose exit 1
44 timing npm Completed in 908780ms
45 verbose code 1
46 error A complete log of this run can be found in:
46 error     /usr/src/app/.npm/_logs/2024-09-17T20_32_23_682Z-debug-0.log
