0 verbose cli /usr/local/bin/node /usr/local/bin/npm
1 info using npm@9.4.0
2 info using node@v19.6.1
3 timing npm:load:whichnode Completed in 1ms
4 timing config:load:defaults Completed in 2ms
5 timing config:load:file:/usr/local/lib/node_modules/npm/npmrc Completed in 1ms
6 timing config:load:builtin Completed in 1ms
7 timing config:load:cli Completed in 1ms
8 timing config:load:env Completed in 0ms
9 timing config:load:file:/usr/src/app/.npmrc Completed in 0ms
10 timing config:load:project Completed in 1ms
11 timing config:load:file:/root/.npmrc Completed in 3ms
12 timing config:load:user Completed in 3ms
13 timing config:load:file:/usr/local/etc/npmrc Completed in 0ms
14 timing config:load:global Completed in 0ms
15 timing config:load:setEnvs Completed in 1ms
16 timing config:load Completed in 10ms
17 timing npm:load:configload Completed in 10ms
18 timing npm:load:mkdirpcache Completed in 0ms
19 timing npm:load:mkdirplogs Completed in 0ms
20 verbose title npm run dev
21 verbose argv "run" "dev"
22 timing npm:load:setTitle Completed in 1ms
23 timing config:load:flatten Completed in 2ms
24 timing npm:load:display Completed in 3ms
25 verbose logfile logs-max:10 dir:/usr/src/app/.npm/_logs/2024-09-17T20_25_26_539Z-
26 verbose logfile /usr/src/app/.npm/_logs/2024-09-17T20_25_26_539Z-debug-0.log
27 timing npm:load:logFile Completed in 3ms
28 timing npm:load:timers Completed in 0ms
29 timing npm:load:configScope Completed in 0ms
30 timing npm:load Completed in 20ms
31 silly logfile done cleaning log files
32 http fetch GET 200 https://registry.npmjs.org/npm 281ms (cache miss)
33 timing command:run Completed in 409274ms
34 notice
34 notice New major version of npm available! 9.4.0 -> 10.8.3
34 notice Changelog: <https://github.com/npm/cli/releases/tag/v10.8.3>
34 notice Run `npm install -g npm@10.8.3` to update!
34 notice
35 verbose stack Error: command failed
35 verbose stack     at ChildProcess.<anonymous> (/usr/local/lib/node_modules/npm/node_modules/@npmcli/promise-spawn/lib/index.js:53:27)
35 verbose stack     at ChildProcess.emit (node:events:512:28)
35 verbose stack     at maybeClose (node:internal/child_process:1098:16)
35 verbose stack     at ChildProcess._handle.onexit (node:internal/child_process:304:5)
36 verbose pkgid jonang@1.0.0
37 verbose cwd /usr/src/app
38 verbose Linux 5.15.153.1-microsoft-standard-WSL2
39 verbose node v19.6.1
40 verbose npm  v9.4.0
41 error path /usr/src/app
42 error command failed
43 error signal SIGTERM
44 error command sh -c cross-env PAYLOAD_CONFIG_PATH=src/payload.config.ts nodemon
45 verbose exit 1
46 timing npm Completed in 409308ms
47 verbose code 1
48 error A complete log of this run can be found in:
48 error     /usr/src/app/.npm/_logs/2024-09-17T20_25_26_539Z-debug-0.log
